{"level":"error","message":"User not found","timestamp":"2022-03-05T12:00:23.900Z"}
{"level":"error","message":"User not found","timestamp":"2022-03-05T12:00:25.894Z"}
{"level":"error","message":"User not found","timestamp":"2022-03-05T12:00:43.251Z"}
{"clientVersion":"3.10.0","code":"P2025","level":"error","meta":{"cause":"Record to update not found."},"timestamp":"2022-03-05T12:00:55.292Z"}
{"clientVersion":"3.10.0","code":"P2025","level":"error","meta":{"cause":"Record to update not found."},"timestamp":"2022-03-05T12:00:57.733Z"}
{"clientVersion":"3.10.0","code":"P2025","level":"error","meta":{"cause":"Record to update not found."},"timestamp":"2022-03-05T12:01:02.866Z"}
{"clientVersion":"3.10.0","code":"P2025","level":"error","meta":{"cause":"Record to update not found."},"timestamp":"2022-03-05T12:01:06.942Z"}
{"clientVersion":"3.10.0","code":"P2025","level":"error","meta":{"cause":"Record to update not found."},"timestamp":"2022-03-05T12:01:17.389Z"}
{"level":"error","message":"User not found","timestamp":"2022-03-05T12:01:24.380Z"}
{"level":"error","message":"Invalid Email or Password","timestamp":"2022-03-05T12:02:31.366Z"}
{"level":"error","message":"User not found","timestamp":"2022-03-05T15:07:20.996Z"}
{"level":"error","message":"Invalid Email or Password","timestamp":"2022-03-06T10:57:53.633Z"}
{"level":"error","message":"Invalid Email or Password","timestamp":"2022-03-06T10:58:06.221Z"}
{"level":"error","timestamp":"2022-03-06T10:58:20.695Z"}
{"level":"error","timestamp":"2022-03-06T10:59:45.602Z"}
{"level":"error","message":"User already exists","timestamp":"2022-03-06T11:00:19.179Z"}
{"level":"error","message":"User already exists","timestamp":"2022-03-06T11:00:21.066Z"}
{"level":"error","message":"Invalid Email or Password","timestamp":"2022-03-07T13:53:09.658Z"}
{"level":"error","message":"Invalid Email or Password","timestamp":"2022-03-07T13:53:14.889Z"}
{"level":"error","message":"Invalid Email or Password","timestamp":"2022-03-07T13:53:30.010Z"}
{"level":"error","message":"Invalid Email or Password","timestamp":"2022-03-08T10:00:36.234Z"}
{"level":"error","message":"Invalid Email or Password","timestamp":"2022-03-09T10:50:42.576Z"}
{"level":"error","message":"Invalid Email or Password","timestamp":"2022-03-09T11:39:43.584Z"}
{"level":"error","message":"Invalid Email or Password","timestamp":"2022-03-09T11:39:47.240Z"}
{"level":"error","message":"Invalid Email or Password","timestamp":"2022-03-09T11:39:55.976Z"}
{"level":"error","message":"Invalid Email or Password","timestamp":"2022-03-09T11:41:05.388Z"}
{"level":"error","message":"Invalid Email or Password","timestamp":"2022-03-09T11:42:17.216Z"}
{"level":"error","message":"Invalid Email or Password","timestamp":"2022-03-09T11:42:51.844Z"}
{"level":"error","message":"Invalid Email or Password","timestamp":"2022-03-09T11:45:10.975Z"}
{"level":"error","message":"Invalid Email or Password","timestamp":"2022-03-09T11:45:11.500Z"}
{"level":"error","message":"Invalid Email or Password","timestamp":"2022-03-09T11:45:27.854Z"}
{"level":"error","message":"Invalid Email or Password","timestamp":"2022-03-09T11:46:32.703Z"}
{"level":"error","message":"Invalid Email or Password","timestamp":"2022-03-09T11:46:33.018Z"}
{"level":"error","message":"Invalid Email or Password","timestamp":"2022-03-09T11:47:06.882Z"}
{"level":"error","message":"Invalid Email or Password","timestamp":"2022-03-09T11:47:08.313Z"}
{"level":"error","message":"Invalid Email or Password","timestamp":"2022-03-09T11:47:08.450Z"}
{"level":"error","message":"Invalid Email or Password","timestamp":"2022-03-09T11:47:11.015Z"}
{"level":"error","message":"Invalid Email or Password","timestamp":"2022-03-09T11:47:14.356Z"}
{"level":"error","message":"Invalid Email or Password","timestamp":"2022-03-09T11:47:46.096Z"}
{"level":"error","message":"Invalid Email or Password","timestamp":"2022-03-09T11:47:48.076Z"}
{"level":"error","message":"Invalid Email or Password","timestamp":"2022-03-09T11:47:50.414Z"}
{"level":"error","message":"Invalid Email or Password","timestamp":"2022-03-09T11:48:31.000Z"}
{"level":"error","message":"Invalid Email or Password","timestamp":"2022-03-09T11:49:11.893Z"}
{"level":"error","message":"Invalid Email or Password","timestamp":"2022-03-09T11:49:36.410Z"}
{"level":"error","message":"Invalid Email or Password","timestamp":"2022-03-09T11:49:52.537Z"}
{"level":"error","message":"Invalid Email or Password","timestamp":"2022-03-09T11:50:12.373Z"}
